app/build/intermediates/manifest_merge_blame_file/release/manifest-merger-blame-release-report.txt
1<?xml version="1.0" encoding="utf-8"?>
2<manifest xmlns:android="http://schemas.android.com/apk/res/android"
3    package="de.cbrntrainer"
4    android:versionCode="2"
5    android:versionName="1.1" >
6
7    <uses-sdk
8        android:minSdkVersion="24"
9        android:targetSdkVersion="34" />
10
11    <uses-permission android:name="android.permission.BLUETOOTH" />
11-->src/main/AndroidManifest.xml:5:5-67
11-->src/main/AndroidManifest.xml:5:22-65
12    <uses-permission android:name="android.permission.BLUETOOTH_ADMIN" />
12-->src/main/AndroidManifest.xml:6:5-73
12-->src/main/AndroidManifest.xml:6:22-71
13    <uses-permission android:name="android.permission.BLUETOOTH_SCAN" />
13-->src/main/AndroidManifest.xml:7:5-73
13-->src/main/AndroidManifest.xml:7:22-70
14    <uses-permission android:name="android.permission.ACCESS_FINE_LOCATION" />
14-->src/main/AndroidManifest.xml:8:5-78
14-->src/main/AndroidManifest.xml:8:22-76
15    <uses-permission android:name="android.permission.ACCESS_COARSE_LOCATION" />
15-->src/main/AndroidManifest.xml:9:5-80
15-->src/main/AndroidManifest.xml:9:22-78
16    <uses-permission android:name="android.permission.INTERNET" />
16-->src/main/AndroidManifest.xml:10:5-67
16-->src/main/AndroidManifest.xml:10:22-64
17    <uses-permission android:name="android.permission.CAMERA" />
17-->src/main/AndroidManifest.xml:11:5-65
17-->src/main/AndroidManifest.xml:11:22-62
18    <uses-permission android:name="android.permission.BLUETOOTH_CONNECT" />
18-->src/main/AndroidManifest.xml:12:5-76
18-->src/main/AndroidManifest.xml:12:22-73
19    <uses-permission android:name="android.permission.VIBRATE" />
19-->src/main/AndroidManifest.xml:13:5-65
19-->src/main/AndroidManifest.xml:13:22-63
20
21    <uses-feature
21-->src/main/AndroidManifest.xml:14:5-84
22        android:name="android.hardware.camera"
22-->src/main/AndroidManifest.xml:14:19-57
23        android:required="true" />
23-->src/main/AndroidManifest.xml:14:58-81
24
25    <permission
25-->[androidx.core:core:1.12.0] AndroidManifest.xml:22:5-24:47
26        android:name="de.cbrntrainer.DYNAMIC_RECEIVER_NOT_EXPORTED_PERMISSION"
26-->[androidx.core:core:1.12.0] AndroidManifest.xml:23:9-81
27        android:protectionLevel="signature" />
27-->[androidx.core:core:1.12.0] AndroidManifest.xml:24:9-44
28
29    <uses-permission android:name="de.cbrntrainer.DYNAMIC_RECEIVER_NOT_EXPORTED_PERMISSION" />
29-->[androidx.core:core:1.12.0] AndroidManifest.xml:26:5-97
29-->[androidx.core:core:1.12.0] AndroidManifest.xml:26:22-94
30
31    <uses-feature
31-->[com.journeyapps:zxing-android-embedded:4.3.0] AndroidManifest.xml:28:5-30:36
32        android:name="android.hardware.camera.front"
32-->[com.journeyapps:zxing-android-embedded:4.3.0] AndroidManifest.xml:29:9-53
33        android:required="false" /> <!-- TODO replace above two with next line after Android 4.2 -->
33-->[com.journeyapps:zxing-android-embedded:4.3.0] AndroidManifest.xml:30:9-33
34    <!-- <uses-feature android:name="android.hardware.camera.any"/> -->
35    <uses-feature
35-->[com.journeyapps:zxing-android-embedded:4.3.0] AndroidManifest.xml:33:5-35:36
36        android:name="android.hardware.camera.autofocus"
36-->[com.journeyapps:zxing-android-embedded:4.3.0] AndroidManifest.xml:34:9-57
37        android:required="false" />
37-->[com.journeyapps:zxing-android-embedded:4.3.0] AndroidManifest.xml:35:9-33
38    <uses-feature
38-->[com.journeyapps:zxing-android-embedded:4.3.0] AndroidManifest.xml:36:5-38:36
39        android:name="android.hardware.camera.flash"
39-->[com.journeyapps:zxing-android-embedded:4.3.0] AndroidManifest.xml:37:9-53
40        android:required="false" />
40-->[com.journeyapps:zxing-android-embedded:4.3.0] AndroidManifest.xml:38:9-33
41    <uses-feature
41-->[com.journeyapps:zxing-android-embedded:4.3.0] AndroidManifest.xml:39:5-41:36
42        android:name="android.hardware.screen.landscape"
42-->[com.journeyapps:zxing-android-embedded:4.3.0] AndroidManifest.xml:40:9-57
43        android:required="false" />
43-->[com.journeyapps:zxing-android-embedded:4.3.0] AndroidManifest.xml:41:9-33
44    <uses-feature
44-->[com.journeyapps:zxing-android-embedded:4.3.0] AndroidManifest.xml:42:5-44:36
45        android:name="android.hardware.wifi"
45-->[com.journeyapps:zxing-android-embedded:4.3.0] AndroidManifest.xml:43:9-45
46        android:required="false" />
46-->[com.journeyapps:zxing-android-embedded:4.3.0] AndroidManifest.xml:44:9-33
47
48    <application
48-->src/main/AndroidManifest.xml:16:5-109:19
49        android:allowBackup="true"
49-->src/main/AndroidManifest.xml:17:9-35
50        android:appComponentFactory="androidx.core.app.CoreComponentFactory"
50-->[androidx.core:core:1.12.0] AndroidManifest.xml:28:18-86
51        android:extractNativeLibs="false"
52        android:icon="@mipmap/ic_launcher"
52-->src/main/AndroidManifest.xml:18:9-43
53        android:label="@string/app_name"
53-->src/main/AndroidManifest.xml:19:9-41
54        android:roundIcon="@mipmap/ic_launcher_round"
54-->src/main/AndroidManifest.xml:20:9-54
55        android:supportsRtl="true"
55-->src/main/AndroidManifest.xml:21:9-35
56        android:theme="@style/AppTheme" >
56-->src/main/AndroidManifest.xml:22:9-40
57        <activity
57-->src/main/AndroidManifest.xml:24:9-38:20
58            android:name="de.cbrntrainer.MainActivity"
58-->src/main/AndroidManifest.xml:25:13-41
59            android:exported="true"
59-->src/main/AndroidManifest.xml:26:13-36
60            android:screenOrientation="portrait" >
60-->src/main/AndroidManifest.xml:27:13-49
61            <intent-filter>
61-->src/main/AndroidManifest.xml:28:13-31:29
62                <action android:name="android.intent.action.MAIN" />
62-->src/main/AndroidManifest.xml:29:17-69
62-->src/main/AndroidManifest.xml:29:25-66
63
64                <category android:name="android.intent.category.LAUNCHER" />
64-->src/main/AndroidManifest.xml:30:17-77
64-->src/main/AndroidManifest.xml:30:27-74
65            </intent-filter>
66            <intent-filter>
66-->src/main/AndroidManifest.xml:32:13-37:29
67                <action android:name="android.intent.action.VIEW" />
67-->src/main/AndroidManifest.xml:33:17-69
67-->src/main/AndroidManifest.xml:33:25-66
68
69                <category android:name="android.intent.category.DEFAULT" />
69-->src/main/AndroidManifest.xml:34:17-76
69-->src/main/AndroidManifest.xml:34:27-73
70                <category android:name="android.intent.category.BROWSABLE" />
70-->src/main/AndroidManifest.xml:35:17-78
70-->src/main/AndroidManifest.xml:35:27-75
71
72                <data android:scheme="cbrn-trainer" />
72-->src/main/AndroidManifest.xml:36:17-55
72-->src/main/AndroidManifest.xml:36:23-52
73            </intent-filter>
74        </activity>
75        <activity
75-->src/main/AndroidManifest.xml:40:9-42:45
76            android:name="de.cbrntrainer.SignalStrengthActivity"
76-->src/main/AndroidManifest.xml:40:19-57
77            android:exported="false"
77-->src/main/AndroidManifest.xml:42:19-43
78            android:screenOrientation="portrait" />
78-->src/main/AndroidManifest.xml:41:19-55
79        <activity
79-->src/main/AndroidManifest.xml:44:9-46:46
80            android:name="de.cbrntrainer.InstructionsActivity"
80-->src/main/AndroidManifest.xml:44:19-55
81            android:exported="false"
81-->src/main/AndroidManifest.xml:46:19-43
82            android:screenOrientation="portrait" />
82-->src/main/AndroidManifest.xml:45:19-55
83        <activity
83-->src/main/AndroidManifest.xml:48:9-50:46
84            android:name="de.cbrntrainer.SessionInputActivity"
84-->src/main/AndroidManifest.xml:48:19-55
85            android:exported="false"
85-->src/main/AndroidManifest.xml:50:19-43
86            android:screenOrientation="portrait" />
86-->src/main/AndroidManifest.xml:49:19-55
87        <activity
87-->src/main/AndroidManifest.xml:51:9-53:46
88            android:name="de.cbrntrainer.WebViewActivity"
88-->src/main/AndroidManifest.xml:51:19-50
89            android:exported="false"
89-->src/main/AndroidManifest.xml:53:19-43
90            android:screenOrientation="portrait" />
90-->src/main/AndroidManifest.xml:52:19-55
91        <activity
91-->src/main/AndroidManifest.xml:54:9-58:39
92            android:name="de.cbrntrainer.QrScannerActivity"
92-->src/main/AndroidManifest.xml:55:13-46
93            android:exported="false"
93-->src/main/AndroidManifest.xml:58:13-37
94            android:screenOrientation="portrait"
94-->src/main/AndroidManifest.xml:56:13-49
95            android:theme="@style/AppTheme" />
95-->src/main/AndroidManifest.xml:57:13-44
96        <activity
96-->src/main/AndroidManifest.xml:59:9-64:45
97            android:name="de.cbrntrainer.PortraitCaptureActivity"
97-->src/main/AndroidManifest.xml:59:19-58
98            android:exported="false"
98-->src/main/AndroidManifest.xml:64:19-43
99            android:screenOrientation="portrait"
99-->src/main/AndroidManifest.xml:60:19-55
100            android:stateNotNeeded="true"
100-->src/main/AndroidManifest.xml:61:19-48
101            android:theme="@style/zxing_CaptureTheme"
101-->src/main/AndroidManifest.xml:62:19-60
102            android:windowSoftInputMode="stateAlwaysHidden" />
102-->src/main/AndroidManifest.xml:63:19-66
103        <activity
103-->src/main/AndroidManifest.xml:65:9-67:46
104            android:name="de.cbrntrainer.SettingsActivity"
104-->src/main/AndroidManifest.xml:65:19-51
105            android:exported="false"
105-->src/main/AndroidManifest.xml:67:19-43
106            android:screenOrientation="portrait" />
106-->src/main/AndroidManifest.xml:66:19-55
107        <activity
107-->src/main/AndroidManifest.xml:68:9-70:46
108            android:name="de.cbrntrainer.BluetoothSettingsActivity"
108-->src/main/AndroidManifest.xml:68:19-60
109            android:exported="false"
109-->src/main/AndroidManifest.xml:70:19-43
110            android:screenOrientation="portrait" />
110-->src/main/AndroidManifest.xml:69:19-55
111        <activity
111-->src/main/AndroidManifest.xml:71:9-73:46
112            android:name="de.cbrntrainer.BluetoothModeActivity"
112-->src/main/AndroidManifest.xml:71:19-56
113            android:exported="false"
113-->src/main/AndroidManifest.xml:73:19-43
114            android:screenOrientation="portrait" />
114-->src/main/AndroidManifest.xml:72:19-55
115        <activity
115-->src/main/AndroidManifest.xml:74:9-76:46
116            android:name="de.cbrntrainer.CalibrationActivity"
116-->src/main/AndroidManifest.xml:74:19-54
117            android:exported="false"
117-->src/main/AndroidManifest.xml:76:19-43
118            android:screenOrientation="portrait" />
118-->src/main/AndroidManifest.xml:75:19-55
119        <activity
119-->src/main/AndroidManifest.xml:77:9-79:46
120            android:name="de.cbrntrainer.MagnetModeActivity"
120-->src/main/AndroidManifest.xml:77:19-53
121            android:exported="false"
121-->src/main/AndroidManifest.xml:79:19-43
122            android:screenOrientation="portrait" />
122-->src/main/AndroidManifest.xml:78:19-55
123        <activity
123-->src/main/AndroidManifest.xml:80:9-82:46
124            android:name="de.cbrntrainer.BeaconSettingsActivity"
124-->src/main/AndroidManifest.xml:80:19-57
125            android:exported="false"
125-->src/main/AndroidManifest.xml:82:19-43
126            android:screenOrientation="portrait" />
126-->src/main/AndroidManifest.xml:81:19-55
127        <activity
127-->src/main/AndroidManifest.xml:83:9-85:46
128            android:name="de.cbrntrainer.DosisleistungsmessActivity"
128-->src/main/AndroidManifest.xml:83:19-61
129            android:exported="false"
129-->src/main/AndroidManifest.xml:85:19-43
130            android:screenOrientation="portrait" />
130-->src/main/AndroidManifest.xml:84:19-55
131        <activity
131-->src/main/AndroidManifest.xml:86:9-88:40
132            android:name="de.cbrntrainer.CloudSettingsActivity"
132-->src/main/AndroidManifest.xml:87:13-50
133            android:exported="false" />
133-->src/main/AndroidManifest.xml:88:13-37
134        <activity
134-->src/main/AndroidManifest.xml:89:9-91:39
135            android:name="de.cbrntrainer.CloudModeLauncherActivity"
135-->src/main/AndroidManifest.xml:90:13-54
136            android:exported="false" />
136-->src/main/AndroidManifest.xml:91:13-37
137        <activity
137-->src/main/AndroidManifest.xml:92:9-95:51
138            android:name="de.cbrntrainer.TestDeviceActivity"
138-->src/main/AndroidManifest.xml:93:13-47
139            android:exported="false"
139-->src/main/AndroidManifest.xml:94:13-37
140            android:screenOrientation="portrait" />
140-->src/main/AndroidManifest.xml:95:13-49
141        <activity
141-->src/main/AndroidManifest.xml:96:9-99:51
142            android:name="de.cbrntrainer.CoWarnerActivity"
142-->src/main/AndroidManifest.xml:97:13-45
143            android:exported="false"
143-->src/main/AndroidManifest.xml:98:13-37
144            android:screenOrientation="portrait" />
144-->src/main/AndroidManifest.xml:99:13-49
145        <activity
145-->src/main/AndroidManifest.xml:100:9-103:51
146            android:name="de.cbrntrainer.CloudDosisleistungsmessActivity"
146-->src/main/AndroidManifest.xml:101:13-60
147            android:exported="false"
147-->src/main/AndroidManifest.xml:102:13-37
148            android:screenOrientation="portrait" />
148-->src/main/AndroidManifest.xml:103:13-49
149        <activity
149-->src/main/AndroidManifest.xml:104:9-107:66
150            android:name="de.cbrntrainer.MultiGasActivity"
150-->src/main/AndroidManifest.xml:105:13-45
151            android:configChanges="orientation|keyboardHidden"
151-->src/main/AndroidManifest.xml:107:13-63
152            android:screenOrientation="portrait" />
152-->src/main/AndroidManifest.xml:106:13-49
153
154        <provider
154-->[androidx.emoji2:emoji2:1.2.0] AndroidManifest.xml:24:9-32:20
155            android:name="androidx.startup.InitializationProvider"
155-->[androidx.emoji2:emoji2:1.2.0] AndroidManifest.xml:25:13-67
156            android:authorities="de.cbrntrainer.androidx-startup"
156-->[androidx.emoji2:emoji2:1.2.0] AndroidManifest.xml:26:13-68
157            android:exported="false" >
157-->[androidx.emoji2:emoji2:1.2.0] AndroidManifest.xml:27:13-37
158            <meta-data
158-->[androidx.emoji2:emoji2:1.2.0] AndroidManifest.xml:29:13-31:52
159                android:name="androidx.emoji2.text.EmojiCompatInitializer"
159-->[androidx.emoji2:emoji2:1.2.0] AndroidManifest.xml:30:17-75
160                android:value="androidx.startup" />
160-->[androidx.emoji2:emoji2:1.2.0] AndroidManifest.xml:31:17-49
161            <meta-data
161-->[androidx.lifecycle:lifecycle-process:2.6.1] AndroidManifest.xml:29:13-31:52
162                android:name="androidx.lifecycle.ProcessLifecycleInitializer"
162-->[androidx.lifecycle:lifecycle-process:2.6.1] AndroidManifest.xml:30:17-78
163                android:value="androidx.startup" />
163-->[androidx.lifecycle:lifecycle-process:2.6.1] AndroidManifest.xml:31:17-49
164            <meta-data
164-->[androidx.profileinstaller:profileinstaller:1.3.0] AndroidManifest.xml:29:13-31:52
165                android:name="androidx.profileinstaller.ProfileInstallerInitializer"
165-->[androidx.profileinstaller:profileinstaller:1.3.0] AndroidManifest.xml:30:17-85
166                android:value="androidx.startup" />
166-->[androidx.profileinstaller:profileinstaller:1.3.0] AndroidManifest.xml:31:17-49
167        </provider>
168
169        <activity
169-->[com.journeyapps:zxing-android-embedded:4.3.0] AndroidManifest.xml:47:9-53:63
170            android:name="com.journeyapps.barcodescanner.CaptureActivity"
170-->[com.journeyapps:zxing-android-embedded:4.3.0] AndroidManifest.xml:48:13-74
171            android:clearTaskOnLaunch="true"
171-->[com.journeyapps:zxing-android-embedded:4.3.0] AndroidManifest.xml:49:13-45
172            android:screenOrientation="sensorLandscape"
172-->[com.journeyapps:zxing-android-embedded:4.3.0] AndroidManifest.xml:50:13-56
173            android:stateNotNeeded="true"
173-->[com.journeyapps:zxing-android-embedded:4.3.0] AndroidManifest.xml:51:13-42
174            android:theme="@style/zxing_CaptureTheme"
174-->[com.journeyapps:zxing-android-embedded:4.3.0] AndroidManifest.xml:52:13-54
175            android:windowSoftInputMode="stateAlwaysHidden" />
175-->[com.journeyapps:zxing-android-embedded:4.3.0] AndroidManifest.xml:53:13-60
176
177        <receiver
177-->[androidx.profileinstaller:profileinstaller:1.3.0] AndroidManifest.xml:34:9-52:20
178            android:name="androidx.profileinstaller.ProfileInstallReceiver"
178-->[androidx.profileinstaller:profileinstaller:1.3.0] AndroidManifest.xml:35:13-76
179            android:directBootAware="false"
179-->[androidx.profileinstaller:profileinstaller:1.3.0] AndroidManifest.xml:36:13-44
180            android:enabled="true"
180-->[androidx.profileinstaller:profileinstaller:1.3.0] AndroidManifest.xml:37:13-35
181            android:exported="true"
181-->[androidx.profileinstaller:profileinstaller:1.3.0] AndroidManifest.xml:38:13-36
182            android:permission="android.permission.DUMP" >
182-->[androidx.profileinstaller:profileinstaller:1.3.0] AndroidManifest.xml:39:13-57
183            <intent-filter>
183-->[androidx.profileinstaller:profileinstaller:1.3.0] AndroidManifest.xml:40:13-42:29
184                <action android:name="androidx.profileinstaller.action.INSTALL_PROFILE" />
184-->[androidx.profileinstaller:profileinstaller:1.3.0] AndroidManifest.xml:41:17-91
184-->[androidx.profileinstaller:profileinstaller:1.3.0] AndroidManifest.xml:41:25-88
185            </intent-filter>
186            <intent-filter>
186-->[androidx.profileinstaller:profileinstaller:1.3.0] AndroidManifest.xml:43:13-45:29
187                <action android:name="androidx.profileinstaller.action.SKIP_FILE" />
187-->[androidx.profileinstaller:profileinstaller:1.3.0] AndroidManifest.xml:44:17-85
187-->[androidx.profileinstaller:profileinstaller:1.3.0] AndroidManifest.xml:44:25-82
188            </intent-filter>
189            <intent-filter>
189-->[androidx.profileinstaller:profileinstaller:1.3.0] AndroidManifest.xml:46:13-48:29
190                <action android:name="androidx.profileinstaller.action.SAVE_PROFILE" />
190-->[androidx.profileinstaller:profileinstaller:1.3.0] AndroidManifest.xml:47:17-88
190-->[androidx.profileinstaller:profileinstaller:1.3.0] AndroidManifest.xml:47:25-85
191            </intent-filter>
192            <intent-filter>
192-->[androidx.profileinstaller:profileinstaller:1.3.0] AndroidManifest.xml:49:13-51:29
193                <action android:name="androidx.profileinstaller.action.BENCHMARK_OPERATION" />
193-->[androidx.profileinstaller:profileinstaller:1.3.0] AndroidManifest.xml:50:17-95
193-->[androidx.profileinstaller:profileinstaller:1.3.0] AndroidManifest.xml:50:25-92
194            </intent-filter>
195        </receiver>
196    </application>
197
198</manifest>